INFO:root:Сервер запущен
INFO:root:Прослушивание порта 5050
INFO:root:Сервер запущен
INFO:root:Прослушивание порта 5050
INFO:root:127.0.0.1, 49475 подсоединился
INFO:root:
Получаем данные от клиента: hi
INFO:root:Сервер запущен
INFO:root:Сервер запущен
INFO:root:Прослушивание порта 5050
INFO:root:Сервер запущен
INFO:root:Прослушивание порта 50
INFO:root:Сервер запущен
INFO:root:Прослушивание порта 1
INFO:root:Сервер запущен
INFO:root:Прослушивание порта 1
INFO:root:127.0.0.1, 53940 подсоединился
INFO:root:
Получаем данные от клиента: ana
INFO:root:Сервер запущен
INFO:root:Прослушивание порта 1
INFO:root:127.0.0.1, 53956 подсоединился
INFO:root:
Получаем данные от клиента: Hi, I am Alex
INFO:root:Сервер запущен
INFO:root:Прослушивание порта 1
INFO:root:127.0.0.1, 53980 подсоединился
INFO:root:
Получаем данные от клиента: exit
INFO:root:Клиент отключился
INFO:root:Сервер запущен
INFO:root:Прослушивание порта 1
INFO:root:127.0.0.1, 54033 подсоединился
INFO:root:
Получаем данные от клиента: hi
INFO:root:Сервер запущен
INFO:root:Прослушивание порта 1
INFO:root:Сервер запущен
INFO:root:Прослушивание порта 1
INFO:root:Сервер запущен
INFO:root:Прослушивание порта 1
INFO:root:localhost пытался подключиться
INFO:root:Сервер запущен
INFO:root:Прослушивание порта 1
INFO:root:Сервер запущен
INFO:root:Прослушивание порта 1
INFO:root:Сервер запущен
INFO:root:Прослушивание порта 1
INFO:root:127.0.0.1, 54132 подсоединился
INFO:root:Сервер запущен
INFO:root:Прослушивание порта 1
INFO:root:Сервер запущен
INFO:root:Прослушивание порта 1
INFO:root:Сервер запущен
INFO:root:Прослушивание порта 1
INFO:root:127.0.0.1, 54214 подсоединился
INFO:root:
Получаем данные от клиента: Hi
INFO:root:
Получаем данные от клиента: answer is clear
INFO:root:
Получаем данные от клиента: exit
INFO:root:Клиент отключился
INFO:root:Сервер запущен
INFO:root:Прослушивание порта 1
INFO:root:localhost пытался подключиться
